2023-04-12 15:23:34,527 [INFO] Activator:176 - 


2023-04-12 15:23:34,529 [INFO] Activator:177 - !SESSION log4j initialized
2023-04-12 15:23:36,411 [INFO] LogOutputStream:77 - [STDOUT_REDIRECT] 
2023-04-12 15:23:55,893 [ERROR] LogOutputStream:75 - [STDERR_REDIRECT] SLF4J: Failed to load class "org.slf4j.impl.StaticLoggerBinder".
2023-04-12 15:23:55,908 [ERROR] LogOutputStream:75 - [STDERR_REDIRECT] SLF4J: Defaulting to no-operation (NOP) logger implementation
2023-04-12 15:23:55,908 [ERROR] LogOutputStream:75 - [STDERR_REDIRECT] SLF4J: See http://www.slf4j.org/codes.html#StaticLoggerBinder for further details.
2023-04-12 15:52:14,987 [INFO] ApplicationProperties:184 - Using Application install path: C:\ST\STM32CubeIDE_1.11.0\STM32CubeIDE\plugins\com.st.stm32cube.common.mx_6.8.0.202302231600
2023-04-12 15:52:15,002 [INFO] DbMcusXml:78 - Set database path to: C:\ST\STM32CubeIDE_1.11.0\STM32CubeIDE\plugins\com.st.stm32cube.common.mx_6.8.0.202302231600\\db\/mcu/
2023-04-12 15:52:15,003 [INFO] ApiDb:274 - Set plugin database path to: C:\ST\STM32CubeIDE_1.11.0\STM32CubeIDE\plugins\com.st.stm32cube.common.mx_6.8.0.202302231600\\db\/plugins/boardmanager/
2023-04-12 15:52:15,004 [WARN] ApiDb:259 - Overriding images path with different value:  => C:\ST\STM32CubeIDE_1.11.0\STM32CubeIDE\plugins\com.st.stm32cube.common.mx_6.8.0.202302231600\\db\/plugins/mcufinder/images/
2023-04-12 15:52:15,013 [INFO] ApiDb:250 - Set database path to: C:\Users\Gamarra\.stmcufinder\plugins\mcufinder//mcu/
2023-04-12 15:52:15,014 [INFO] DbMcusAds:125 - Set database path to: C:\Users\Gamarra\.stmcufinder\plugins\mcufinder//mcu/
2023-04-12 15:52:15,430 [INFO] CrossReferenceDbSqlite:203 - Set database path to: C:\Users\Gamarra\.stmcufinder\plugins\mcufinder//mcu/cs/
2023-04-12 15:52:15,528 [INFO] RulesReader:64 - Compatibility file has been processed (293 Rules)
2023-04-12 15:52:15,588 [INFO] DbMcusXml:78 - Set database path to: C:\ST\STM32CubeIDE_1.11.0\STM32CubeIDE\plugins\com.st.stm32cube.common.mx_6.8.0.202302231600\\db\/mcu/
2023-04-12 15:52:15,588 [INFO] ApiDb:274 - Set plugin database path to: C:\ST\STM32CubeIDE_1.11.0\STM32CubeIDE\plugins\com.st.stm32cube.common.mx_6.8.0.202302231600\\db\/plugins/boardmanager/
2023-04-12 15:52:15,588 [INFO] ApiDb:261 - Set plugin images path to: C:\ST\STM32CubeIDE_1.11.0\STM32CubeIDE\plugins\com.st.stm32cube.common.mx_6.8.0.202302231600\\db\/plugins/mcufinder/images/
2023-04-12 15:52:15,588 [WARN] DbFile:41 - Overriding database path with different value: C:\Users\Gamarra\.stmcufinder\plugins\mcufinder/ => C:\Users\Gamarra\.stmcufinder\plugins\mcufinder
2023-04-12 15:52:15,588 [INFO] ApiDb:250 - Set database path to: C:\Users\Gamarra\.stmcufinder\plugins\mcufinder//mcu/
2023-04-12 15:52:15,588 [WARN] DbFile:41 - Overriding database path with different value: C:\Users\Gamarra\.stmcufinder\plugins\mcufinder/ => C:\Users\Gamarra\.stmcufinder\plugins\mcufinder
2023-04-12 15:52:15,588 [INFO] DbMcusAds:125 - Set database path to: C:\Users\Gamarra\.stmcufinder\plugins\mcufinder//mcu/
2023-04-12 15:52:15,588 [WARN] DbFile:41 - Overriding database path with different value: C:\Users\Gamarra\.stmcufinder\plugins\mcufinder/ => C:\Users\Gamarra\.stmcufinder\plugins\mcufinder
2023-04-12 15:52:15,588 [WARN] DbFile:41 - Overriding database path with different value: C:\Users\Gamarra\.stmcufinder\plugins\mcufinder/ => C:\Users\Gamarra\.stmcufinder\plugins\mcufinder
2023-04-12 15:52:15,588 [INFO] CrossReferenceDbSqlite:203 - Set database path to: C:\Users\Gamarra\.stmcufinder\plugins\mcufinder//mcu/cs/
2023-04-12 15:52:15,642 [INFO] MainPanel:253 - HeapMemory: 530579456
2023-04-12 15:52:15,714 [INFO] DbMcusXml:78 - Set database path to: C:\ST\STM32CubeIDE_1.11.0\STM32CubeIDE\plugins\com.st.stm32cube.common.mx_6.8.0.202302231600\\db\/mcu/
2023-04-12 15:52:15,714 [INFO] ApiDb:274 - Set plugin database path to: C:\ST\STM32CubeIDE_1.11.0\STM32CubeIDE\plugins\com.st.stm32cube.common.mx_6.8.0.202302231600\\db\/plugins/boardmanager/
2023-04-12 15:52:15,714 [INFO] ApiDb:261 - Set plugin images path to: C:\ST\STM32CubeIDE_1.11.0\STM32CubeIDE\plugins\com.st.stm32cube.common.mx_6.8.0.202302231600\\db\/plugins/mcufinder/images/
2023-04-12 15:52:15,715 [WARN] DbFile:41 - Overriding database path with different value: C:\Users\Gamarra\.stmcufinder\plugins\mcufinder/ => C:\Users\Gamarra\.stmcufinder\plugins\mcufinder
2023-04-12 15:52:15,715 [INFO] ApiDb:250 - Set database path to: C:\Users\Gamarra\.stmcufinder\plugins\mcufinder//mcu/
2023-04-12 15:52:15,715 [WARN] DbFile:41 - Overriding database path with different value: C:\Users\Gamarra\.stmcufinder\plugins\mcufinder/ => C:\Users\Gamarra\.stmcufinder\plugins\mcufinder
2023-04-12 15:52:15,715 [INFO] DbMcusAds:125 - Set database path to: C:\Users\Gamarra\.stmcufinder\plugins\mcufinder//mcu/
2023-04-12 15:52:15,715 [WARN] DbFile:41 - Overriding database path with different value: C:\Users\Gamarra\.stmcufinder\plugins\mcufinder/ => C:\Users\Gamarra\.stmcufinder\plugins\mcufinder
2023-04-12 15:52:15,715 [WARN] DbFile:41 - Overriding database path with different value: C:\Users\Gamarra\.stmcufinder\plugins\mcufinder/ => C:\Users\Gamarra\.stmcufinder\plugins\mcufinder
2023-04-12 15:52:15,715 [INFO] CrossReferenceDbSqlite:203 - Set database path to: C:\Users\Gamarra\.stmcufinder\plugins\mcufinder//mcu/cs/
2023-04-12 15:52:15,730 [INFO] ApplicationProperties:184 - Using Application install path: C:\ST\STM32CubeIDE_1.11.0\STM32CubeIDE\plugins\com.st.stm32cube.common.mx_6.8.0.202302231600
2023-04-12 15:52:15,731 [INFO] PluginManage:196 - Search for loadable plugins [exclusion list=, ]
2023-04-12 15:52:15,733 [INFO] PluginManage:310 - Check plugin analytics
2023-04-12 15:52:15,855 [INFO] AnalyticsPlugin:253 - Accepted Software Licenses: 
2023-04-12 15:52:15,855 [INFO] AnalyticsPlugin:255 - Accepted CMSIS Pack Licenses: 
2023-04-12 15:52:15,855 [INFO] AnalyticsPlugin:257 - Accepted Firmware Licenses: 
2023-04-12 15:52:15,862 [INFO] PluginManage:359 - Loaded plugin analytics (category:tool,tabindex:-1)
2023-04-12 15:52:15,862 [INFO] PluginManage:310 - Check plugin cadmodel
2023-04-12 15:52:15,874 [INFO] CADModel:105 - Init CAD model plugin
2023-04-12 15:52:15,874 [INFO] PluginManage:359 - Loaded plugin cadmodel (category:power,tabindex:5)
2023-04-12 15:52:15,874 [INFO] PluginManage:310 - Check plugin clock
2023-04-12 15:52:15,889 [INFO] PluginManage:359 - Loaded plugin clock (category:base,tabindex:2)
2023-04-12 15:52:15,889 [INFO] PluginManage:310 - Check plugin ddr
2023-04-12 15:52:15,892 [INFO] PluginManage:359 - Loaded plugin ddr (category:tool,tabindex:6)
2023-04-12 15:52:15,892 [INFO] PluginManage:310 - Check plugin filemanager
2023-04-12 15:52:16,003 [INFO] PluginManage:359 - Loaded plugin filemanager (category:base,tabindex:10)
2023-04-12 15:52:16,003 [INFO] PluginManage:310 - Check plugin ipmanager
2023-04-12 15:52:16,009 [INFO] PluginManage:359 - Loaded plugin ipmanager (category:base,tabindex:5)
2023-04-12 15:52:16,009 [INFO] PluginManage:310 - Check plugin lpbam
2023-04-12 15:52:16,025 [INFO] PluginManage:359 - Loaded plugin lpbam (category:base,tabindex:0)
2023-04-12 15:52:16,025 [INFO] PluginManage:310 - Check plugin pinoutandconfiguration
2023-04-12 15:52:16,038 [INFO] PluginManage:359 - Loaded plugin pinoutandconfiguration (category:base,tabindex:1)
2023-04-12 15:52:16,038 [INFO] PluginManage:310 - Check plugin pinoutconfig
2023-04-12 15:52:16,115 [WARN] SupportedApi:132 - Cannot load RTOS API schema: s4s-elt-must-match.1: The content of 'definitions' must match (annotation?, (simpleType | complexType)?, (unique | key | keyref)*)). A problem was found starting at: attribute.
2023-04-12 15:52:16,222 [INFO] PluginManage:359 - Loaded plugin pinoutconfig (category:base,tabindex:0)
2023-04-12 15:52:16,222 [INFO] PluginManage:310 - Check plugin power
2023-04-12 15:52:16,236 [INFO] PluginManage:359 - Loaded plugin power (category:power,tabindex:4)
2023-04-12 15:52:16,236 [INFO] PluginManage:310 - Check plugin projectmanager
2023-04-12 15:52:16,249 [INFO] PluginManage:359 - Loaded plugin projectmanager (category:projectmanager,tabindex:3)
2023-04-12 15:52:16,250 [INFO] PluginManage:310 - Check plugin thirdparty
2023-04-12 15:52:16,425 [INFO] PluginManage:359 - Loaded plugin thirdparty (category:base,tabindex:-1)
2023-04-12 15:52:16,426 [INFO] PluginManage:310 - Check plugin tools
2023-04-12 15:52:16,425 [WARN] IntegrityCheckThread:84 - waiting for thirdparty lock release [integrity check]
2023-04-12 15:52:16,426 [INFO] IntegrityCheckThread:86 - entering critical section [integrity check]
2023-04-12 15:52:16,427 [INFO] ThirdPartyUpdaterWithRetryManager:70 - Updater plugin not ready yet. [1/15]
2023-04-12 15:52:16,448 [INFO] PluginManage:359 - Loaded plugin tools (category:base,tabindex:7)
2023-04-12 15:52:16,448 [INFO] PluginManage:310 - Check plugin tutovideos
2023-04-12 15:52:16,616 [INFO] PluginManage:359 - Loaded plugin tutovideos (category:base,tabindex:-1)
2023-04-12 15:52:16,616 [INFO] PluginManage:310 - Check plugin updater
2023-04-12 15:52:16,628 [INFO] PluginManage:359 - Loaded plugin updater (category:base,tabindex:12)
2023-04-12 15:52:16,629 [INFO] PluginManage:283 - PluginManage : Loaded plugins [15]
2023-04-12 15:52:16,832 [INFO] PinOutPanel:1499 - setPackage(No Configuration,No Configuration)
2023-04-12 15:52:16,881 [INFO] CADModel:165 - CPN selected for project level
2023-04-12 15:52:16,881 [INFO] CADModel:114 - Register for checkConnection events
2023-04-12 15:52:16,903 [INFO] IPUIPlugin:80 - create IPUIPlugin
2023-04-12 15:52:16,904 [INFO] PluginManager:220 - loadIPPluginJar : add adc
2023-04-12 15:52:16,930 [INFO] IPUIPlugin:80 - create IPUIPlugin
2023-04-12 15:52:16,930 [INFO] PluginManager:220 - loadIPPluginJar : add aes
2023-04-12 15:52:16,957 [INFO] IPUIPlugin:80 - create IPUIPlugin
2023-04-12 15:52:16,958 [INFO] PluginManager:220 - loadIPPluginJar : add can
2023-04-12 15:52:16,973 [INFO] IPUIPlugin:80 - create IPUIPlugin
2023-04-12 15:52:16,973 [INFO] PluginManager:220 - loadIPPluginJar : add comp
2023-04-12 15:52:16,996 [INFO] IPUIPlugin:80 - create IPUIPlugin
2023-04-12 15:52:16,996 [INFO] PluginManager:220 - loadIPPluginJar : add cryp
2023-04-12 15:52:17,015 [INFO] IPUIPlugin:80 - create IPUIPlugin
2023-04-12 15:52:17,015 [INFO] PluginManager:220 - loadIPPluginJar : add dfsdm
2023-04-12 15:52:17,025 [INFO] IPUIPlugin:80 - create IPUIPlugin
2023-04-12 15:52:17,025 [INFO] PluginManager:220 - loadIPPluginJar : add dma
2023-04-12 15:52:17,056 [INFO] IPUIPlugin:80 - create IPUIPlugin
2023-04-12 15:52:17,056 [INFO] PluginManager:220 - loadIPPluginJar : add dma3
2023-04-12 15:52:17,069 [INFO] IPUIPlugin:80 - create IPUIPlugin
2023-04-12 15:52:17,069 [INFO] PluginManager:220 - loadIPPluginJar : add fatfs
2023-04-12 15:52:17,101 [INFO] IPUIPlugin:80 - create IPUIPlugin
2023-04-12 15:52:17,101 [INFO] PluginManager:220 - loadIPPluginJar : add fmc
2023-04-12 15:52:17,112 [INFO] IPUIPlugin:80 - create IPUIPlugin
2023-04-12 15:52:17,112 [INFO] PluginManager:220 - loadIPPluginJar : add freertos
2023-04-12 15:52:17,127 [INFO] IPUIPlugin:80 - create IPUIPlugin
2023-04-12 15:52:17,127 [INFO] PluginManager:220 - loadIPPluginJar : add genericplugin
2023-04-12 15:52:17,188 [INFO] IPUIPlugin:80 - create IPUIPlugin
2023-04-12 15:52:17,188 [INFO] PluginManager:220 - loadIPPluginJar : add gfxmmu
2023-04-12 15:52:17,276 [INFO] IPUIPlugin:80 - create IPUIPlugin
2023-04-12 15:52:17,276 [INFO] PluginManager:220 - loadIPPluginJar : add gic
2023-04-12 15:52:17,285 [INFO] IPUIPlugin:80 - create IPUIPlugin
2023-04-12 15:52:17,285 [INFO] PluginManager:220 - loadIPPluginJar : add gpio
2023-04-12 15:52:17,348 [INFO] IPUIPlugin:80 - create IPUIPlugin
2023-04-12 15:52:17,348 [INFO] PluginManager:220 - loadIPPluginJar : add gtzc
2023-04-12 15:52:17,369 [INFO] IPUIPlugin:80 - create IPUIPlugin
2023-04-12 15:52:17,369 [INFO] PluginManager:220 - loadIPPluginJar : add hash
2023-04-12 15:52:17,404 [INFO] IPUIPlugin:80 - create IPUIPlugin
2023-04-12 15:52:17,404 [INFO] PluginManager:220 - loadIPPluginJar : add i2c
2023-04-12 15:52:17,429 [INFO] IPUIPlugin:80 - create IPUIPlugin
2023-04-12 15:52:17,429 [INFO] PluginManager:220 - loadIPPluginJar : add i2s
2023-04-12 15:52:17,457 [INFO] IPUIPlugin:80 - create IPUIPlugin
2023-04-12 15:52:17,457 [INFO] PluginManager:220 - loadIPPluginJar : add i3c
2023-04-12 15:52:17,532 [INFO] IPUIPlugin:80 - create IPUIPlugin
2023-04-12 15:52:17,532 [INFO] PluginManager:220 - loadIPPluginJar : add ipddr
2023-04-12 15:52:17,595 [INFO] IPUIPlugin:80 - create IPUIPlugin
2023-04-12 15:52:17,595 [INFO] PluginManager:220 - loadIPPluginJar : add linkedlist
2023-04-12 15:52:17,618 [INFO] IPUIPlugin:80 - create IPUIPlugin
2023-04-12 15:52:17,618 [INFO] PluginManager:220 - loadIPPluginJar : add lorawan
2023-04-12 15:52:17,641 [INFO] IPUIPlugin:80 - create IPUIPlugin
2023-04-12 15:52:17,641 [INFO] PluginManager:220 - loadIPPluginJar : add ltdc
2023-04-12 15:52:17,651 [INFO] IPUIPlugin:80 - create IPUIPlugin
2023-04-12 15:52:17,651 [INFO] PluginManager:220 - loadIPPluginJar : add mdma
2023-04-12 15:52:17,660 [INFO] IPUIPlugin:80 - create IPUIPlugin
2023-04-12 15:52:17,660 [INFO] PluginManager:220 - loadIPPluginJar : add nvic
2023-04-12 15:52:17,685 [INFO] IPUIPlugin:80 - create IPUIPlugin
2023-04-12 15:52:17,685 [INFO] PluginManager:220 - loadIPPluginJar : add opamp
2023-04-12 15:52:17,725 [INFO] IPUIPlugin:80 - create IPUIPlugin
2023-04-12 15:52:17,725 [INFO] PluginManager:220 - loadIPPluginJar : add openamp
2023-04-12 15:52:17,752 [INFO] IPUIPlugin:80 - create IPUIPlugin
2023-04-12 15:52:17,752 [INFO] PluginManager:220 - loadIPPluginJar : add pdm2pcm
2023-04-12 15:52:17,762 [INFO] IPUIPlugin:80 - create IPUIPlugin
2023-04-12 15:52:17,765 [INFO] PluginManager:220 - loadIPPluginJar : add plateformsettings
2023-04-12 15:52:17,780 [INFO] IPUIPlugin:80 - create IPUIPlugin
2023-04-12 15:52:17,780 [INFO] PluginManager:220 - loadIPPluginJar : add quadspi
2023-04-12 15:52:17,790 [INFO] IPUIPlugin:80 - create IPUIPlugin
2023-04-12 15:52:17,790 [INFO] PluginManager:220 - loadIPPluginJar : add resmgrutility
2023-04-12 15:52:17,824 [INFO] IPUIPlugin:80 - create IPUIPlugin
2023-04-12 15:52:17,824 [INFO] PluginManager:220 - loadIPPluginJar : add sai
2023-04-12 15:52:17,850 [INFO] IPUIPlugin:80 - create IPUIPlugin
2023-04-12 15:52:17,850 [INFO] PluginManager:220 - loadIPPluginJar : add spi
2023-04-12 15:52:17,887 [INFO] IPUIPlugin:80 - create IPUIPlugin
2023-04-12 15:52:17,888 [INFO] PluginManager:220 - loadIPPluginJar : add stm32_wpan
2023-04-12 15:52:17,902 [INFO] IPUIPlugin:80 - create IPUIPlugin
2023-04-12 15:52:17,902 [INFO] PluginManager:220 - loadIPPluginJar : add tim
2023-04-12 15:52:17,938 [INFO] IPUIPlugin:80 - create IPUIPlugin
2023-04-12 15:52:17,938 [INFO] PluginManager:220 - loadIPPluginJar : add touchsensing
2023-04-12 15:52:17,953 [INFO] IPUIPlugin:80 - create IPUIPlugin
2023-04-12 15:52:17,953 [INFO] PluginManager:220 - loadIPPluginJar : add tracer_emb
2023-04-12 15:52:17,968 [INFO] IPUIPlugin:80 - create IPUIPlugin
2023-04-12 15:52:17,969 [INFO] PluginManager:220 - loadIPPluginJar : add ts
2023-04-12 15:52:17,983 [INFO] IPUIPlugin:80 - create IPUIPlugin
2023-04-12 15:52:17,983 [INFO] PluginManager:220 - loadIPPluginJar : add tsc
2023-04-12 15:52:17,997 [INFO] IPUIPlugin:80 - create IPUIPlugin
2023-04-12 15:52:17,997 [INFO] PluginManager:220 - loadIPPluginJar : add ucpd
2023-04-12 15:52:18,026 [INFO] IPUIPlugin:80 - create IPUIPlugin
2023-04-12 15:52:18,026 [INFO] PluginManager:220 - loadIPPluginJar : add usart
2023-04-12 15:52:18,055 [INFO] IPUIPlugin:80 - create IPUIPlugin
2023-04-12 15:52:18,055 [INFO] PluginManager:220 - loadIPPluginJar : add usbx
2023-04-12 15:52:18,169 [INFO] CADModel:165 - CPN selected for project level
2023-04-12 15:52:18,169 [INFO] CADModel:114 - Register for checkConnection events
2023-04-12 15:52:18,169 [FATAL] Updater:308 - Updater called before beeing initialized
2023-04-12 15:52:18,169 [ERROR] CADModel:125 - Updater not yet initialized, retry later 
2023-04-12 15:52:18,282 [INFO] CADModel:165 - CPN selected for project level
2023-04-12 15:52:18,282 [INFO] CADModel:114 - Register for checkConnection events
2023-04-12 15:52:18,282 [FATAL] Updater:308 - Updater called before beeing initialized
2023-04-12 15:52:18,282 [ERROR] CADModel:125 - Updater not yet initialized, retry later 
2023-04-12 15:52:18,285 [FATAL] Updater:308 - Updater called before beeing initialized
2023-04-12 15:52:18,362 [FATAL] Updater:308 - Updater called before beeing initialized
2023-04-12 15:52:18,373 [INFO] DbMcusAds:53 - JSON generation date=Tue Mar 07 05:50:55 ART 2023 (1678179055335)
2023-04-12 15:52:18,373 [FATAL] Updater:308 - Updater called before beeing initialized
2023-04-12 15:52:18,430 [WARN] DetailPanel:346 - Failed to get advertising image, set to default
2023-04-12 15:52:18,543 [FATAL] Updater:308 - Updater called before beeing initialized
2023-04-12 15:52:18,545 [FATAL] Updater:308 - Updater called before beeing initialized
2023-04-12 15:52:18,545 [FATAL] Updater:308 - Updater called before beeing initialized
2023-04-12 15:52:18,545 [WARN] DetailPanel:346 - Failed to get advertising image, set to default
2023-04-12 15:52:18,546 [FATAL] Updater:308 - Updater called before beeing initialized
2023-04-12 15:52:18,593 [ERROR] Updater:1120 - MainUpdater not yet initialized. External WinMGr cannot be set.
2023-04-12 15:52:18,600 [INFO] Updater:1056 - Updater Version found : 6.8.0
2023-04-12 15:52:18,614 [INFO] ApplicationProperties:184 - Using Application install path: C:\ST\STM32CubeIDE_1.11.0\STM32CubeIDE\plugins\com.st.stm32cube.common.mx_6.8.0.202302231600
2023-04-12 15:52:19,442 [INFO] ThirdPartyUpdaterWithRetryManager:70 - Updater plugin not ready yet. [2/15]
2023-04-12 15:52:19,803 [INFO] MainUpdater:2854 - connection check result : 10
2023-04-12 15:52:19,803 [INFO] MainUpdater:283 - Updater Check For Update Now.
2023-04-12 15:52:19,804 [INFO] MicroXplorer:498 - Change Database Version : DB.6.0.80
2023-04-12 15:52:19,974 [INFO] CheckServerUpdateThread:120 - End of CheckServer Thread
2023-04-12 15:52:20,032 [INFO] MainUpdater:2854 - connection check result : 10
2023-04-12 15:52:20,037 [INFO] MainUpdater:2854 - connection check result : 10
2023-04-12 15:52:20,150 [INFO] MicroXplorer:468 - Change Database Path : 
2023-04-12 15:52:20,150 [INFO] MicroXplorer:498 - Change Database Version : DB.6.0.80
2023-04-12 15:52:20,150 [WARN] ThirdParty:871 - waiting for thirdparty lock release [close project]
2023-04-12 15:52:22,570 [WARN] PackLoader:240 - Cannot read IP mode file for STMicroelectronics.X-CUBE-GNSS1.6.0.0
2023-04-12 15:52:22,592 [WARN] PackLoader:240 - Cannot read IP mode file for STMicroelectronics.X-CUBE-AZRTOS-F4.1.1.0
2023-04-12 15:52:22,602 [WARN] PackLoader:240 - Cannot read IP mode file for STMicroelectronics.X-CUBE-SMBUS.2.1.0
2023-04-12 15:52:22,650 [WARN] PackLoader:240 - Cannot read IP mode file for STMicroelectronics.X-CUBE-MEMS1.9.2.0
2023-04-12 15:52:22,748 [WARN] PackLoader:240 - Cannot read IP mode file for STMicroelectronics.X-CUBE-BLEMGR.1.2.0
2023-04-12 15:52:22,762 [WARN] PackLoader:240 - Cannot read IP mode file for STMicroelectronics.X-CUBE-AZRTOS-F7.1.1.0
2023-04-12 15:52:22,774 [WARN] PackLoader:240 - Cannot read IP mode file for STMicroelectronics.X-CUBE-BLE1.6.2.3
2023-04-12 15:52:22,783 [WARN] PackLoader:240 - Cannot read IP mode file for STMicroelectronics.X-CUBE-BLE1.6.2.4
2023-04-12 15:52:22,790 [WARN] PackLoader:240 - Cannot read IP mode file for STMicroelectronics.X-CUBE-BLEMGR.2.0.0
2023-04-12 15:52:22,800 [WARN] PackLoader:240 - Cannot read IP mode file for STMicroelectronics.X-CUBE-NFC4.2.0.5
2023-04-12 15:52:22,809 [WARN] PackLoader:240 - Cannot read IP mode file for STMicroelectronics.X-CUBE-NFC4.2.0.4
2023-04-12 15:52:22,821 [WARN] ConditionMgr:438 - getConditionDescription Invalid condition id : UX DEVICE CLASS RTOS Condition cause : null
2023-04-12 15:52:22,821 [WARN] ConditionMgr:438 - getConditionDescription Invalid condition id : UX DEVICE CLASS RTOS Condition cause : null
2023-04-12 15:52:22,824 [WARN] PackLoader:240 - Cannot read IP mode file for STMicroelectronics.X-CUBE-AZRTOS-H7.3.1.0
2023-04-12 15:52:22,824 [WARN] ConditionMgr:1039 - genDependencies : Invalid condition id : UX DEVICE CLASS RTOS Condition cause : null
2023-04-12 15:52:22,825 [WARN] ConditionMgr:1039 - genDependencies : Invalid condition id : UX DEVICE CLASS RTOS Condition cause : null
2023-04-12 15:52:22,825 [WARN] ConditionMgr:1039 - genDependencies : Invalid condition id : UX DEVICE CLASS RTOS Condition cause : null
2023-04-12 15:52:22,825 [WARN] ConditionMgr:1039 - genDependencies : Invalid condition id : UX DEVICE CLASS RTOS Condition cause : null
2023-04-12 15:52:22,825 [WARN] ConditionMgr:1039 - genDependencies : Invalid condition id : UX DEVICE CLASS RTOS Condition cause : null
2023-04-12 15:52:22,833 [WARN] PackLoader:240 - Cannot read IP mode file for STMicroelectronics.X-CUBE-TOF1.3.1.0
2023-04-12 15:52:22,841 [WARN] PackLoader:240 - Cannot read IP mode file for STMicroelectronics.X-CUBE-DISPLAY.3.0.0
2023-04-12 15:52:22,856 [WARN] PackLoader:240 - Cannot read IP mode file for STMicroelectronics.X-CUBE-AZRTOS-F4.1.0.0
2023-04-12 15:52:22,866 [WARN] PackLoader:240 - Cannot read IP mode file for STMicroelectronics.X-CUBE-NFC7.1.0.0
2023-04-12 15:52:22,900 [WARN] PackLoader:240 - Cannot read IP mode file for STMicroelectronics.X-CUBE-MEMS1.9.3.0
2023-04-12 15:52:22,976 [WARN] PackLoader:240 - Cannot read IP mode file for STMicroelectronics.X-CUBE-EEPRMA1.4.1.0
2023-04-12 15:52:22,984 [WARN] PackLoader:240 - Cannot read IP mode file for STMicroelectronics.X-CUBE-AI.7.2.0
2023-04-12 15:52:22,990 [WARN] PackLoader:240 - Cannot read IP mode file for WES.I-CUBE-Cesium.1.3.0
2023-04-12 15:52:23,000 [WARN] PackLoader:240 - Cannot read IP mode file for STMicroelectronics.X-CUBE-SFXS2LP1.4.0.0
2023-04-12 15:52:23,008 [WARN] PackLoader:240 - Cannot read IP mode file for STMicroelectronics.X-CUBE-BLE2.3.3.0
2023-04-12 15:52:23,012 [WARN] PackLoader:240 - Cannot read IP mode file for STMicroelectronics.X-CUBE-DISPLAY.2.2.0
2023-04-12 15:52:23,020 [WARN] PackLoader:240 - Cannot read IP mode file for STMicroelectronics.X-CUBE-TOF1.3.2.0
2023-04-12 15:52:23,037 [WARN] PackLoader:240 - Cannot read IP mode file for STMicroelectronics.X-CUBE-AZRTOS-H7.3.0.0
2023-04-12 15:52:23,254 [WARN] PackLoader:240 - Cannot read IP mode file for STMicroelectronics.X-CUBE-ISPU.1.0.0
2023-04-12 15:52:23,263 [WARN] PackLoader:240 - Cannot read IP mode file for STMicroelectronics.X-CUBE-ISPU.1.1.0
2023-04-12 15:52:23,277 [WARN] PackLoader:240 - Cannot read IP mode file for RoweBots.I-CUBE-UNISONRTOS.5.5.0-4
2023-04-12 15:52:23,291 [WARN] PackLoader:240 - Cannot read IP mode file for STMicroelectronics.X-CUBE-AZRTOS-H7.2.1.0
2023-04-12 15:52:23,302 [WARN] PackLoader:240 - Cannot read IP mode file for wolfSSL.I-CUBE-wolfSSL.5.4.0
2023-04-12 15:52:23,309 [WARN] PackLoader:240 - Cannot read IP mode file for STMicroelectronics.X-CUBE-AI.8.0.0
2023-04-12 15:52:23,313 [WARN] PackLoader:240 - Cannot read IP mode file for STMicroelectronics.X-CUBE-FREERTOS.1.0.0
2023-04-12 15:52:23,316 [WARN] PackLoader:240 - Cannot read IP mode file for STMicroelectronics.X-CUBE-FREERTOS.1.0.1
2023-04-12 15:52:23,325 [WARN] PackLoader:240 - Cannot read IP mode file for STMicroelectronics.X-CUBE-TOUCHGFX.4.21.1
2023-04-12 15:52:23,333 [WARN] PackLoader:240 - Cannot read IP mode file for STMicroelectronics.X-CUBE-TOUCHGFX.4.21.0
2023-04-12 15:52:23,340 [WARN] PackLoader:240 - Cannot read IP mode file for STMicroelectronics.X-CUBE-TOUCHGFX.4.21.3
2023-04-12 15:52:23,345 [WARN] PackLoader:240 - Cannot read IP mode file for STMicroelectronics.X-CUBE-BLEMGR.1.0.0
2023-04-12 15:52:23,378 [WARN] PackLoader:240 - Cannot read IP mode file for STMicroelectronics.X-CUBE-MEMS1.9.4.0
2023-04-12 15:52:23,457 [WARN] PackLoader:240 - Cannot read IP mode file for STMicroelectronics.X-CUBE-AI.7.3.0
2023-04-12 15:52:23,466 [WARN] PackLoader:240 - Cannot read IP mode file for STMicroelectronics.X-CUBE-ALGOBUILD.1.3.0
2023-04-12 15:52:23,476 [WARN] PackLoader:240 - Cannot read IP mode file for STMicroelectronics.X-CUBE-AZRTOS-L5.1.1.0
2023-04-12 15:52:23,489 [WARN] PackLoader:240 - Cannot read IP mode file for STMicroelectronics.X-CUBE-AZRTOS-G0.1.1.0
2023-04-12 15:52:23,498 [WARN] PackLoader:240 - Cannot read IP mode file for STMicroelectronics.X-CUBE-SUBG2.5.0.0
2023-04-12 15:52:23,510 [WARN] PackLoader:240 - Cannot read IP mode file for STMicroelectronics.X-CUBE-NFC4.3.0.0
2023-04-12 15:52:23,538 [WARN] PackLoader:240 - Cannot read IP mode file for SEGGER.I-CUBE-embOS.1.2.0
2023-04-12 15:52:23,565 [WARN] PackLoader:240 - Cannot read IP mode file for STMicroelectronics.X-CUBE-TOF1.3.3.0
2023-04-12 15:52:23,573 [WARN] PackLoader:240 - Cannot read IP mode file for STMicroelectronics.FP-ATR-ASTRA1.1.1.1
2023-04-12 15:52:23,577 [WARN] PackLoader:240 - Cannot read IP mode file for STMicroelectronics.FP-ATR-ASTRA1.1.1.0
2023-04-12 15:52:23,582 [WARN] PackLoader:240 - Cannot read IP mode file for STMicroelectronics.X-CUBE-BLEMGR.1.3.0
2023-04-12 15:52:23,591 [WARN] PackLoader:240 - Cannot read IP mode file for STMicroelectronics.X-CUBE-AZRTOS-G4.1.0.0
2023-04-12 15:52:23,597 [WARN] PackLoader:240 - Cannot read IP mode file for STMicroelectronics.FP-ATR-SIGFOX1.3.2.0
2023-04-12 15:52:23,609 [WARN] PackLoader:240 - Cannot read IP mode file for STMicroelectronics.X-CUBE-AZRTOS-L4.1.0.0
2023-04-12 15:52:23,674 [WARN] PackLoader:240 - Cannot read IP mode file for emotas.I-CUBE-CANOPEN.1.1.2
2023-04-12 15:52:23,681 [WARN] PackLoader:240 - Cannot read IP mode file for STMicroelectronics.X-CUBE-TOUCHGFX.4.20.0
2023-04-12 15:52:23,688 [WARN] PackLoader:240 - Cannot read IP mode file for STMicroelectronics.X-CUBE-AZRTOS-WL.1.0.0
2023-04-12 15:52:23,693 [WARN] PackLoader:240 - Cannot read IP mode file for portGmbH.I-Cube-SoM-uGOAL.1.1.0
2023-04-12 15:52:23,696 [WARN] PackLoader:240 - Cannot read IP mode file for STMicroelectronics.X-CUBE-ALS.1.0.1
2023-04-12 15:52:23,726 [WARN] PackLoader:240 - Cannot read IP mode file for STMicroelectronics.X-CUBE-MEMS1.9.5.0
2023-04-12 15:52:23,836 [WARN] PackLoader:240 - Cannot read IP mode file for STMicroelectronics.X-CUBE-AZRTOS-WB.1.1.0
2023-04-12 15:52:23,854 [WARN] PackLoader:240 - Cannot read IP mode file for SEGGER.I-CUBE-embOS.1.3.1
2023-04-12 15:52:23,882 [WARN] PackLoader:240 - Cannot read IP mode file for STMicroelectronics.X-CUBE-AZRTOS-L5.1.0.0
2023-04-12 15:52:23,892 [WARN] PackLoader:240 - Cannot read IP mode file for STMicroelectronics.X-CUBE-EEPRMA1.3.1.1
2023-04-12 15:52:23,893 [INFO] ThirdParty:978 - Integrity check success = true
2023-04-12 15:52:23,893 [INFO] IntegrityCheckThread:100 - exiting critical section [integrity check]
2023-04-12 15:52:23,893 [INFO] IntegrityCheckThread:103 - End integrity checks thread
2023-04-12 15:52:23,893 [INFO] ThirdParty:873 - entering critical section [close project]
2023-04-12 15:52:23,894 [INFO] ThirdParty:883 - exiting critical section [close project]
2023-04-12 15:52:23,897 [INFO] PinOutPanel:1499 - setPackage(No Configuration,No Configuration)
2023-04-12 15:52:23,900 [INFO] UtilMem:75 - Begin LoadConfig() Used Memory: 250328008 Bytes (530579456)
2023-04-12 15:52:23,902 [INFO] MicroXplorer:468 - Change Database Path : 
2023-04-12 15:52:23,902 [INFO] MicroXplorer:498 - Change Database Version : DB.6.0.80
2023-04-12 15:52:23,902 [INFO] OpenFileManager:308 - Change cursor
2023-04-12 15:52:23,908 [INFO] ThirdPartyDownloadManager:73 - Found SW packSTMicroelectronics.X-CUBE-AZRTOS-L4.1.0.0up-to-date on disk
2023-04-12 15:52:23,934 [INFO] Mcu:1937 - Initializing MCU STM32L452R(C-E)Tx STM32L452RETx STM32L452RET3
2023-04-12 15:52:25,058 [INFO] Context:659 - Trying to add GPIOservice into a context  which must be forbidden
2023-04-12 15:52:25,520 [INFO] ApiDbMcu:507 - Load IP Config File for STMicroelectronics.X-CUBE-AZRTOS-L4.1.0.0
2023-04-12 15:52:25,859 [INFO] RtosManager:555 - Registered RTOS mode: class=CMSIS, group=RTOS, mode=CMSIS_V1, owner=FREERTOS
2023-04-12 15:52:25,859 [INFO] RtosManager:555 - Registered RTOS mode: class=CMSIS, group=RTOS2, mode=CMSIS_V2, owner=FREERTOS
2023-04-12 15:52:25,859 [INFO] RtosManager:555 - Registered RTOS mode: class=RTOS, group=Core, mode=CMSIS_V1, owner=FREERTOS
2023-04-12 15:52:25,859 [INFO] RtosManager:555 - Registered RTOS mode: class=RTOS, group=Core, mode=CMSIS_V2, owner=FREERTOS
2023-04-12 15:52:25,860 [WARN] ModelIntegratedComponent:184 - Missing modes for component STMicroelectronics:FreeRTOS:0.0.1:STMicroelectronics:RTOS:FreeRTOS:Core:::10.2.0:
2023-04-12 15:52:25,870 [WARN] ModelIntegratedComponent:63 - No mode defined for component null
2023-04-12 15:52:25,870 [WARN] ModelIntegratedComponent:63 - No mode defined for component null
2023-04-12 15:52:25,870 [WARN] ModelIntegratedComponent:63 - No mode defined for component null
2023-04-12 15:52:25,870 [WARN] ModelIntegratedComponent:63 - No mode defined for component null
2023-04-12 15:52:25,870 [WARN] ModelIntegratedComponent:63 - No mode defined for component null
2023-04-12 15:52:25,870 [WARN] ModelIntegratedComponent:63 - No mode defined for component null
2023-04-12 15:52:25,870 [WARN] ModelIntegratedComponent:63 - No mode defined for component null
2023-04-12 15:52:25,870 [WARN] ModelIntegratedComponent:63 - No mode defined for component null
2023-04-12 15:52:25,870 [WARN] ModelIntegratedComponent:63 - No mode defined for component null
2023-04-12 15:52:25,870 [WARN] ModelIntegratedComponent:63 - No mode defined for component null
2023-04-12 15:52:25,870 [WARN] ModelIntegratedComponent:63 - No mode defined for component null
2023-04-12 15:52:25,871 [WARN] ModelIntegratedComponent:63 - No mode defined for component null
2023-04-12 15:52:25,871 [WARN] ModelIntegratedComponent:63 - No mode defined for component null
2023-04-12 15:52:25,871 [WARN] ModelIntegratedComponent:63 - No mode defined for component null
2023-04-12 15:52:25,871 [WARN] ModelIntegratedComponent:63 - No mode defined for component null
2023-04-12 15:52:25,871 [WARN] ModelIntegratedComponent:63 - No mode defined for component null
2023-04-12 15:52:25,871 [WARN] ModelIntegratedComponent:63 - No mode defined for component null
2023-04-12 15:52:25,871 [WARN] ModelIntegratedComponent:63 - No mode defined for component null
2023-04-12 15:52:25,871 [WARN] ModelIntegratedComponent:63 - No mode defined for component null
2023-04-12 15:52:25,871 [WARN] ModelIntegratedComponent:63 - No mode defined for component null
2023-04-12 15:52:25,871 [WARN] ModelIntegratedComponent:63 - No mode defined for component null
2023-04-12 15:52:25,871 [WARN] ModelIntegratedComponent:63 - No mode defined for component null
2023-04-12 15:52:25,871 [WARN] ModelIntegratedComponent:63 - No mode defined for component null
2023-04-12 15:52:25,871 [WARN] ModelIntegratedComponent:63 - No mode defined for component null
2023-04-12 15:52:25,871 [WARN] ModelIntegratedComponent:63 - No mode defined for component null
2023-04-12 15:52:25,871 [WARN] ModelIntegratedComponent:63 - No mode defined for component null
2023-04-12 15:52:25,871 [WARN] ModelIntegratedComponent:63 - No mode defined for component null
2023-04-12 15:52:25,871 [WARN] ModelIntegratedComponent:63 - No mode defined for component null
2023-04-12 15:52:25,871 [WARN] ModelIntegratedComponent:63 - No mode defined for component null
2023-04-12 15:52:25,871 [WARN] ModelIntegratedComponent:63 - No mode defined for component null
2023-04-12 15:52:25,871 [WARN] ModelIntegratedComponent:63 - No mode defined for component null
2023-04-12 15:52:25,871 [WARN] ModelIntegratedComponent:63 - No mode defined for component null
2023-04-12 15:52:25,871 [WARN] ModelIntegratedComponent:63 - No mode defined for component null
2023-04-12 15:52:26,023 [WARN] IP:2113 - TX_NO_TIMER not found: check if there is a RefParameter without a condition.
2023-04-12 15:52:26,024 [WARN] IP:2113 - ALIGN_TYPE_VAL not found: check if there is a RefParameter without a condition.
2023-04-12 15:52:26,024 [WARN] IP:2113 - TX_NO_TIMER not found: check if there is a RefParameter without a condition.
2023-04-12 15:52:26,025 [WARN] IP:2113 - ALIGN_TYPE_VAL not found: check if there is a RefParameter without a condition.
2023-04-12 15:52:26,027 [INFO] RtosManager:555 - Registered RTOS mode: class=RTOS, group=ThreadX, mode=RTOSJjThreadX, owner=STMicroelectronics.X-CUBE-AZRTOS-L4.1.0.0
2023-04-12 15:52:26,028 [INFO] RtosManager:555 - Registered RTOS mode: class=RTOS, group=ThreadX, mode=RTOSJjThreadX, owner=STMicroelectronics.X-CUBE-AZRTOS-L4.1.0.0
2023-04-12 15:52:26,029 [WARN] IP:2113 - TX_NO_TIMER not found: check if there is a RefParameter without a condition.
2023-04-12 15:52:26,029 [WARN] IP:2113 - ALIGN_TYPE_VAL not found: check if there is a RefParameter without a condition.
2023-04-12 15:52:26,390 [INFO] ThirdPartyModel:298 - Start build external matchings
2023-04-12 15:52:27,115 [INFO] ThirdPartyModel:316 - End build external matchings
2023-04-12 15:52:27,138 [INFO] RtosManager:919 - Current active RTOS is STMicroelectronics.X-CUBE-AZRTOS-L4.1.0.0 [Cortex-M4NS]
2023-04-12 15:52:27,141 [INFO] ImportTextPane:194 - (OptionalMessage_ERROR) IP (RCC) : Parameter (ADCFreq_Value) has invalid value (64000000)
2023-04-12 15:52:27,141 [INFO] ImportTextPane:194 - (OptionalMessage_ERROR) IP (RCC) : Invalid parameter (FamilyName)
2023-04-12 15:52:27,142 [INFO] ImportTextPane:194 - (OptionalMessage_ERROR) IP (RCC) : Parameter (RNGFreq_Value) has invalid value (64000000)
2023-04-12 15:52:27,142 [INFO] ImportTextPane:194 - (OptionalMessage_ERROR) IP (RCC) : Parameter (SDMMCFreq_Value) has invalid value (64000000)
2023-04-12 15:52:27,142 [INFO] ImportTextPane:194 - (OptionalMessage_ERROR) IP (RCC) : Invalid parameter (SWPMI1Freq_Value)
2023-04-12 15:52:27,142 [INFO] ImportTextPane:194 - (OptionalMessage_ERROR) IP (RCC) : Invalid parameter (UART5Freq_Value)
2023-04-12 15:52:27,142 [INFO] ImportTextPane:194 - (OptionalMessage_ERROR) IP (RCC) : Parameter (USBFreq_Value) has invalid value (64000000)
2023-04-12 15:52:27,142 [INFO] ImportTextPane:194 - (OptionalMessage_ERROR) IP (RCC) : Invalid parameter (VCOSAI2OutputFreq_Value)
2023-04-12 15:52:27,143 [WARN] IP:2113 - TX_NO_TIMER not found: check if there is a RefParameter without a condition.
2023-04-12 15:52:27,144 [WARN] IP:2113 - ALIGN_TYPE_VAL not found: check if there is a RefParameter without a condition.
2023-04-12 15:52:27,411 [INFO] UtilMem:75 - End LoadConfig() Used Memory: 422918088 Bytes (530579456)
2023-04-12 15:52:27,492 [INFO] ApiDb:581 - Connected to CubeFinder SQLite database (C:\Users\Gamarra\.stmcufinder\plugins\mcufinder\mcu\cube-finder-db.db)
2023-04-12 15:52:27,540 [INFO] ApiDb:668 - CubeFinder database Data Model version=2.1
2023-04-12 15:52:27,540 [INFO] ApiDb:669 - CubeFinder database Configuration version=3.0.35
2023-04-12 15:52:27,541 [INFO] ApiDb:670 - CubeFinder database generation date=2023-03-10 (1678456172)
2023-04-12 15:52:27,541 [INFO] ApiDb:671 - CubeFinder database FW Pack versions=[FP-ATR-ASTRA1_V1.1.1, STM32Cube_FW_C0_V1.0.1, STM32Cube_FW_F0_V1.11.4, STM32Cube_FW_F3_V1.11.4, STM32Cube_FW_F4_V1.27.1, STM32Cube_FW_F7_V1.17.0, STM32Cube_FW_G0_V1.6.1, STM32Cube_FW_G4_V1.5.1, STM32Cube_FW_H5_V0.5.1, STM32Cube_FW_H5_V1.0.0, STM32Cube_FW_H7_V1.11.0, STM32Cube_FW_L0_V1.12.2, STM32Cube_FW_L5_V1.5.0, STM32Cube_FW_U5_V1.2.0, STM32Cube_FW_WBA_V1.0.0, STM32Cube_FW_WBA_V1.0.0RC1, STM32Cube_FW_WBA_V1.0.0RC3, STM32Cube_FW_WB_V1.15.0RC1, STM32Cube_FW_WB_V1.16.0, STM32Cube_FW_WB_V1.16.0RC2, STM32Cube_FW_WL_V1.3.0, X-CUBE-ALGOBUILD_V1.3.0, X-CUBE-ALS_V1.0.1, X-CUBE-AZRTOS-F4_V1.1.0, X-CUBE-AZRTOS-F7_V1.1.0, X-CUBE-AZRTOS-G0_V1.1.0, X-CUBE-AZRTOS-G4_V1.0.0, X-CUBE-AZRTOS-H7_V3.0.0, X-CUBE-AZRTOS-L4_V1.0.0, X-CUBE-AZRTOS-L5_V1.1.0, X-CUBE-AZRTOS-WB_V1.1.0, X-CUBE-AZRTOS-WL_V1.0.0, X-CUBE-BLE1_V6.2.4, X-CUBE-BLE2_V3.3.0, X-CUBE-BLEMGR_V1.3.0, X-CUBE-EEPRMA1_V4.1.0, X-CUBE-GNSS1_V6.0.0, X-CUBE-MEMS1_V9.1.0, X-CUBE-MEMS1_V9.4.0, X-CUBE-MEMS1_V9.5.0, X-CUBE-NFC4_V3.0.0, X-CUBE-NFC7_V1.0.0, X-CUBE-SFXS2LP1_V4.0.0, X-CUBE-SUBG2_V5.0.0]
2023-04-12 15:52:29,031 [INFO] ApiDb:240 - Found 297 in-development CPN: [B-G473E-ZEST1S, B-WB1M-WPAN1, B-WL5M-SUBG1, NUCLEO-C031C6, NUCLEO-H503RB, NUCLEO-H563ZI, NUCLEO-U545RE-Q, NUCLEO-U5A5ZJ-Q, NUCLEO-WBA52CG, STEVAL-PROTEUS1, STEVAL-STWINBX1, STM320518-EVAL, STM32C0116-DK, STM32C011D6Y3TR, STM32C011D6Y6TR, STM32C011F4P3, STM32C011F4P6, STM32C011F4U3, STM32C011F4U6TR, STM32C011F6P3, STM32C011F6P6, STM32C011F6U3, STM32C011F6U6TR, STM32C011J4M3, STM32C011J4M6, STM32C011J6M3, STM32C011J6M6, STM32C0316-DK, STM32C031C4T3, STM32C031C4T6, STM32C031C4U3, STM32C031C4U6, STM32C031C6T3, STM32C031C6T6, STM32C031C6U3, STM32C031C6U6, STM32C031F4P3, STM32C031F4P6, STM32C031F6P3, STM32C031F6P6, STM32C031G4U3, STM32C031G4U6, STM32C031G6U3, STM32C031G6U6, STM32C031K4T3, STM32C031K4T6, STM32C031K4U3, STM32C031K4U6, STM32C031K6T3, STM32C031K6T6, STM32C031K6U3, STM32C031K6U6, STM32G071K8TXN, STM32G071K8UXN, STM32G081GBU6N, STM32G081KBT6N, STM32G081KBUXN, STM32G0B1CCT6N, STM32G0B1KCT6, STM32G0B1NEY6TR, STM32G0B1RCT6N, STM32G0C1CCT6, STM32G0C1CCT6N, STM32G0C1CCU6N, STM32G0C1CET6N, STM32G0C1CEU6N, STM32G0C1KCT6, STM32G0C1NEY6TR, STM32G0C1RCI6N, STM32G0C1RCT6N, STM32G0C1REI6N, STM32G0C1RET6N, STM32G0C1VCI6, STM32G0C1VEI6, STM32G471CCT6, STM32G471CCU6, STM32G471CET3, STM32G471CET6, STM32G471CEU3, STM32G471CEU6, STM32G471MCT6, STM32G471MET3, STM32G471MET6, STM32G471MEY6TR, STM32G471QCT6, STM32G471QET3, STM32G471RCT6, STM32G471RET3, STM32G471RET6, STM32G471VCH6, STM32G471VCI6, STM32G471VCT6, STM32G471VEH3, STM32G471VEH6, STM32G471VEI3, STM32G471VEI6, STM32G471VET3, STM32G471VET6, STM32G474CCT6, STM32H503CBT6, STM32H503CBU6, STM32H503EBY6TR, STM32H503KBU6, STM32H503RBT6, STM32H562AGI6, STM32H562AII6, STM32H562IGK6, STM32H562IGT6, STM32H562IIK6, STM32H562IIT6, STM32H562RGT6, STM32H562RGV6, STM32H562RIT6, STM32H562RIV6, STM32H562VGT6, STM32H562VIT6, STM32H562ZGT6, STM32H562ZIT6, STM32H563AGI6, STM32H563AII3Q, STM32H563AII6, STM32H563IGK6, STM32H563IGT6, STM32H563IIK3Q, STM32H563IIK6, STM32H563IIT3Q, STM32H563IIT6, STM32H563MIY3QTR, STM32H563RGT6, STM32H563RGV6, STM32H563RIT6, STM32H563RIV6, STM32H563VGT6, STM32H563VIT3Q, STM32H563VIT6, STM32H563ZGT6, STM32H563ZIT3Q, STM32H563ZIT6, STM32H573AII3Q, STM32H573AII6, STM32H573I-DK, STM32H573IIK3Q, STM32H573IIK6, STM32H573IIT3Q, STM32H573IIT6, STM32H573MIY3QTR, STM32H573RIT6, STM32H573RIV6, STM32H573VIT3Q, STM32H573VIT6, STM32H573ZIT3Q, STM32H573ZIT6, STM32L4R5QGI6STR, STM32MP131AAE3, STM32MP131AAF3, STM32MP131AAG3, STM32MP131CAE3, STM32MP131CAF3, STM32MP131CAG3, STM32MP131DAE7, STM32MP131DAF7, STM32MP131DAG7, STM32MP131FAE7, STM32MP131FAF7, STM32MP131FAG7, STM32MP133AAE3, STM32MP133AAF3, STM32MP133AAG3, STM32MP133CAE3, STM32MP133CAF3, STM32MP133CAG3, STM32MP133DAE7, STM32MP133DAF7, STM32MP133DAG7, STM32MP133FAE7, STM32MP133FAF7, STM32MP133FAG7, STM32MP135AAE3, STM32MP135AAF3, STM32MP135AAG3, STM32MP135CAE3, STM32MP135CAF3, STM32MP135CAG3, STM32MP135DAE7, STM32MP135DAF7, STM32MP135DAG7, STM32MP135F-DK, STM32MP135FAE7, STM32MP135FAF7, STM32MP135FAF7T, STM32MP135FAF7U, STM32MP135FAG7, STM32U535CBT6, STM32U535CBT6Q, STM32U535CBU6, STM32U535CBU6Q, STM32U535CCT6, STM32U535CCT6Q, STM32U535CCU6, STM32U535CCU6Q, STM32U535CET6, STM32U535CET6Q, STM32U535CEU6, STM32U535CEU6Q, STM32U535JEY6QTR, STM32U535NCY6QTR, STM32U535NEY6QTR, STM32U535RBI6, STM32U535RBI6Q, STM32U535RBT6, STM32U535RBT6Q, STM32U535RCI6, STM32U535RCI6Q, STM32U535RCT6, STM32U535RCT6Q, STM32U535REI6, STM32U535REI6Q, STM32U535RET6, STM32U535RET6Q, STM32U535VCI6, STM32U535VCI6Q, STM32U535VCT6, STM32U535VCT6Q, STM32U535VEI6, STM32U535VEI6Q, STM32U535VET6, STM32U535VET6Q, STM32U545CET6, STM32U545CET6Q, STM32U545CEU6, STM32U545CEU6Q, STM32U545JEY6QTR, STM32U545NEY6QTR, STM32U545REI6, STM32U545REI6Q, STM32U545RET6, STM32U545RET6Q, STM32U545VEI6, STM32U545VEI6Q, STM32U545VET6, STM32U545VET6Q, STM32U595AIH6, STM32U595AIH6Q, STM32U595AJH6, STM32U595AJH6Q, STM32U595QII6, STM32U595QII6Q, STM32U595QJI6, STM32U595QJI6Q, STM32U595RIT6, STM32U595RIT6Q, STM32U595RJT6, STM32U595RJT6Q, STM32U595VIT6, STM32U595VIT6Q, STM32U595VJT6, STM32U595VJT6Q, STM32U595ZIT6, STM32U595ZIT6Q, STM32U595ZIY6QTR, STM32U595ZJT6, STM32U595ZJT6Q, STM32U595ZJY6QTR, STM32U599BJY6QTR, STM32U599NIH6Q, STM32U599NJH6Q, STM32U599VIT6Q, STM32U599VJT6, STM32U599VJT6Q, STM32U599ZIT6Q, STM32U599ZIY6QTR, STM32U599ZJT6Q, STM32U599ZJY6QTR, STM32U5A5AJH6, STM32U5A5AJH6Q, STM32U5A5QJI6, STM32U5A5QJI6Q, STM32U5A5RJT6, STM32U5A5RJT6Q, STM32U5A5VJT6, STM32U5A5VJT6Q, STM32U5A5ZJT6, STM32U5A5ZJT6Q, STM32U5A5ZJY6QTR, STM32U5A9BJY6QTR, STM32U5A9J-DK, STM32U5A9NJH6Q, STM32U5A9VJT6Q, STM32U5A9ZJT6Q, STM32U5A9ZJY6QTR, STM32WB1MMCH6, STM32WBA52CEU6, STM32WBA52CEU6T, STM32WBA52CGU6, STM32WBA52CGU6T, STM32WL5MOCH6, STM32WL5MOCH6TR]
2023-04-12 15:52:29,034 [INFO] DbMcus:216 - Found 3775 MCUs, 3775 are supported
2023-04-12 15:52:29,038 [INFO] ApiDb:423 - Load user favorites file C:\Users\Gamarra/.stm32cubeide/favorites.mcus.txt: 1 item(s)
2023-04-12 15:52:29,038 [INFO] ApiDb:427 - User favorites MCUs=[STM32F103C8T6]
2023-04-12 15:52:29,038 [INFO] DbMcus:222 - Set 1 / 1 favorites MCUs
2023-04-12 15:52:29,345 [WARN] ThirdParty:833 - waiting for thirdparty lock release [change project]
2023-04-12 15:52:29,345 [INFO] ThirdParty:835 - entering critical section [change project]
2023-04-12 15:52:29,346 [INFO] ThirdParty:1030 - CMSIS Pack Vendor :STMicroelectronics X-CUBE-ISPU 1.1.0
2023-04-12 15:52:29,346 [INFO] ThirdParty:1030 - CMSIS Pack Vendor :RoweBots I-CUBE-UNISONRTOS 5.5.0-4
2023-04-12 15:52:29,346 [INFO] ThirdParty:1030 - CMSIS Pack Vendor :STMicroelectronics X-CUBE-GNSS1 6.0.0
2023-04-12 15:52:29,346 [INFO] ThirdParty:1030 - CMSIS Pack Vendor :STMicroelectronics X-CUBE-AZRTOS-H7 2.1.0
2023-04-12 15:52:29,346 [INFO] ThirdParty:1030 - CMSIS Pack Vendor :STMicroelectronics USB_HOST 2.0.0
2023-04-12 15:52:29,346 [INFO] ThirdParty:1030 - CMSIS Pack Vendor :STMicroelectronics X-CUBE-AZRTOS-F4 1.1.0
2023-04-12 15:52:29,346 [INFO] ThirdParty:1030 - CMSIS Pack Vendor :STMicroelectronics LIBJPEG 8.0.0
2023-04-12 15:52:29,346 [INFO] ThirdParty:1030 - CMSIS Pack Vendor :wolfSSL I-CUBE-wolfSSL 5.4.0
2023-04-12 15:52:29,346 [INFO] ThirdParty:1030 - CMSIS Pack Vendor :STMicroelectronics X-CUBE-SMBUS 2.1.0
2023-04-12 15:52:29,346 [INFO] ThirdParty:1030 - CMSIS Pack Vendor :STMicroelectronics USB_DEVICE 3.0.0
2023-04-12 15:52:29,346 [INFO] ThirdParty:1030 - CMSIS Pack Vendor :STMicroelectronics X-CUBE-AI 8.0.0
2023-04-12 15:52:29,346 [INFO] ThirdParty:1030 - CMSIS Pack Vendor :STMicroelectronics X-CUBE-FREERTOS 1.0.0
2023-04-12 15:52:29,346 [INFO] ThirdParty:1030 - CMSIS Pack Vendor :STMicroelectronics X-CUBE-FREERTOS 1.0.1
2023-04-12 15:52:29,346 [INFO] ThirdParty:1030 - CMSIS Pack Vendor :STMicroelectronics X-CUBE-TOUCHGFX 4.21.1
2023-04-12 15:52:29,346 [INFO] ThirdParty:1030 - CMSIS Pack Vendor :STMicroelectronics X-CUBE-TOUCHGFX 4.21.0
2023-04-12 15:52:29,346 [INFO] ThirdParty:1030 - CMSIS Pack Vendor :STMicroelectronics X-CUBE-TOUCHGFX 4.21.3
2023-04-12 15:52:29,346 [INFO] ThirdParty:1030 - CMSIS Pack Vendor :STMicroelectronics X-CUBE-BLEMGR 1.0.0
2023-04-12 15:52:29,346 [INFO] ThirdParty:1030 - CMSIS Pack Vendor :STMicroelectronics X-CUBE-MEMS1 9.2.0
2023-04-12 15:52:29,346 [INFO] ThirdParty:1030 - CMSIS Pack Vendor :STMicroelectronics X-CUBE-BLEMGR 1.2.0
2023-04-12 15:52:29,346 [INFO] ThirdParty:1030 - CMSIS Pack Vendor :STMicroelectronics X-CUBE-AZRTOS-F7 1.1.0
2023-04-12 15:52:29,346 [INFO] ThirdParty:1030 - CMSIS Pack Vendor :STMicroelectronics X-CUBE-MEMS1 9.4.0
2023-04-12 15:52:29,346 [INFO] ThirdParty:1030 - CMSIS Pack Vendor :STMicroelectronics USB_DEVICE 2.0.0
2023-04-12 15:52:29,346 [INFO] ThirdParty:1030 - CMSIS Pack Vendor :STMicroelectronics X-CUBE-AI 7.3.0
2023-04-12 15:52:29,346 [INFO] ThirdParty:1030 - CMSIS Pack Vendor :STMicroelectronics X-CUBE-BLE1 6.2.3
2023-04-12 15:52:29,347 [INFO] ThirdParty:1030 - CMSIS Pack Vendor :STMicroelectronics X-CUBE-ALGOBUILD 1.3.0
2023-04-12 15:52:29,347 [INFO] ThirdParty:1030 - CMSIS Pack Vendor :STMicroelectronics X-CUBE-BLE1 6.2.4
2023-04-12 15:52:29,347 [INFO] ThirdParty:1030 - CMSIS Pack Vendor :STMicroelectronics X-CUBE-AZRTOS-L5 1.1.0
2023-04-12 15:52:29,347 [INFO] ThirdParty:1030 - CMSIS Pack Vendor :STMicroelectronics FreeRTOS 0.0.1
2023-04-12 15:52:29,347 [INFO] ThirdParty:1030 - CMSIS Pack Vendor :STMicroelectronics X-CUBE-AZRTOS-G0 1.1.0
2023-04-12 15:52:29,347 [INFO] ThirdParty:1030 - CMSIS Pack Vendor :STMicroelectronics X-CUBE-BLEMGR 2.0.0
2023-04-12 15:52:29,347 [INFO] ThirdParty:1030 - CMSIS Pack Vendor :STMicroelectronics X-CUBE-SUBG2 5.0.0
2023-04-12 15:52:29,347 [INFO] ThirdParty:1030 - CMSIS Pack Vendor :STMicroelectronics X-CUBE-NFC4 3.0.0
2023-04-12 15:52:29,347 [INFO] ThirdParty:1030 - CMSIS Pack Vendor :SEGGER I-CUBE-embOS 1.2.0
2023-04-12 15:52:29,347 [INFO] ThirdParty:1030 - CMSIS Pack Vendor :STMicroelectronics STM32_WPAN 1.0.0
2023-04-12 15:52:29,347 [INFO] ThirdParty:1030 - CMSIS Pack Vendor :STMicroelectronics lwIP 2.0.3
2023-04-12 15:52:29,347 [INFO] ThirdParty:1030 - CMSIS Pack Vendor :STMicroelectronics X-CUBE-NFC4 2.0.5
2023-04-12 15:52:29,347 [INFO] ThirdParty:1030 - CMSIS Pack Vendor :STMicroelectronics X-CUBE-NFC4 2.0.4
2023-04-12 15:52:29,348 [INFO] ThirdParty:1030 - CMSIS Pack Vendor :STMicroelectronics USB_HOST 1.0.0
2023-04-12 15:52:29,348 [INFO] ThirdParty:1030 - CMSIS Pack Vendor :STMicroelectronics PDM2PCM 3.1.0
2023-04-12 15:52:29,348 [INFO] ThirdParty:1030 - CMSIS Pack Vendor :STMicroelectronics X-CUBE-AZRTOS-H7 3.1.0
2023-04-12 15:52:29,348 [INFO] ThirdParty:1030 - CMSIS Pack Vendor :STMicroelectronics X-CUBE-TOF1 3.3.0
2023-04-12 15:52:29,348 [INFO] ThirdParty:1030 - CMSIS Pack Vendor :STMicroelectronics FP-ATR-ASTRA1 1.1.1
2023-04-12 15:52:29,348 [INFO] ThirdParty:1030 - CMSIS Pack Vendor :STMicroelectronics PDM2PCM 3.3.0
2023-04-12 15:52:29,348 [INFO] ThirdParty:1030 - CMSIS Pack Vendor :STMicroelectronics X-CUBE-TOF1 3.1.0
2023-04-12 15:52:29,348 [INFO] ThirdParty:1030 - CMSIS Pack Vendor :STMicroelectronics FP-ATR-ASTRA1 1.1.0
2023-04-12 15:52:29,348 [INFO] ThirdParty:1030 - CMSIS Pack Vendor :STMicroelectronics X-CUBE-DISPLAY 3.0.0
2023-04-12 15:52:29,348 [INFO] ThirdParty:1030 - CMSIS Pack Vendor :STMicroelectronics X-CUBE-BLEMGR 1.3.0
2023-04-12 15:52:29,348 [INFO] ThirdParty:1030 - CMSIS Pack Vendor :STMicroelectronics X-CUBE-AZRTOS-F4 1.0.0
2023-04-12 15:52:29,348 [INFO] ThirdParty:1030 - CMSIS Pack Vendor :STMicroelectronics X-CUBE-AZRTOS-G4 1.0.0
2023-04-12 15:52:29,348 [INFO] ThirdParty:1030 - CMSIS Pack Vendor :STMicroelectronics FP-ATR-SIGFOX1 3.2.0
2023-04-12 15:52:29,348 [INFO] ThirdParty:1030 - CMSIS Pack Vendor :STMicroelectronics X-CUBE-AZRTOS-L4 1.0.0
2023-04-12 15:52:29,348 [INFO] ThirdParty:1030 - CMSIS Pack Vendor :STMicroelectronics HAL Drivers 0.0.0
2023-04-12 15:52:29,348 [INFO] ThirdParty:1030 - CMSIS Pack Vendor :STMicroelectronics MBEDTLS 2.16.2
2023-04-12 15:52:29,348 [INFO] ThirdParty:1030 - CMSIS Pack Vendor :emotas I-CUBE-CANOPEN 1.1.2
2023-04-12 15:52:29,348 [INFO] ThirdParty:1030 - CMSIS Pack Vendor :STMicroelectronics X-CUBE-TOUCHGFX 4.20.0
2023-04-12 15:52:29,348 [INFO] ThirdParty:1030 - CMSIS Pack Vendor :STMicroelectronics MBEDTLS 2.14.1
2023-04-12 15:52:29,348 [INFO] ThirdParty:1030 - CMSIS Pack Vendor :STMicroelectronics X-CUBE-NFC7 1.0.0
2023-04-12 15:52:29,348 [INFO] ThirdParty:1030 - CMSIS Pack Vendor :STMicroelectronics X-CUBE-AZRTOS-WL 1.0.0
2023-04-12 15:52:29,348 [INFO] ThirdParty:1030 - CMSIS Pack Vendor :STMicroelectronics X-CUBE-MEMS1 9.3.0
2023-04-12 15:52:29,348 [INFO] ThirdParty:1030 - CMSIS Pack Vendor :STMicroelectronics X-CUBE-EEPRMA1 4.1.0
2023-04-12 15:52:29,348 [INFO] ThirdParty:1030 - CMSIS Pack Vendor :portGmbH I-Cube-SoM-uGOAL 1.1.0
2023-04-12 15:52:29,348 [INFO] ThirdParty:1030 - CMSIS Pack Vendor :STMicroelectronics X-CUBE-ALS 1.0.1
2023-04-12 15:52:29,348 [INFO] ThirdParty:1030 - CMSIS Pack Vendor :STMicroelectronics X-CUBE-AI 7.2.0
2023-04-12 15:52:29,348 [INFO] ThirdParty:1030 - CMSIS Pack Vendor :STMicroelectronics X-CUBE-MEMS1 9.5.0
2023-04-12 15:52:29,348 [INFO] ThirdParty:1030 - CMSIS Pack Vendor :STMicroelectronics ThreadX 1.0.0
2023-04-12 15:52:29,349 [INFO] ThirdParty:1030 - CMSIS Pack Vendor :STMicroelectronics X-CUBE-AZRTOS-WB 1.1.0
2023-04-12 15:52:29,349 [INFO] ThirdParty:1030 - CMSIS Pack Vendor :SEGGER I-CUBE-embOS 1.3.1
2023-04-12 15:52:29,349 [INFO] ThirdParty:1030 - CMSIS Pack Vendor :STMicroelectronics X-CUBE-AZRTOS-L5 1.0.0
2023-04-12 15:52:29,349 [INFO] ThirdParty:1030 - CMSIS Pack Vendor :STMicroelectronics USB_DEVICE 1.0.0
2023-04-12 15:52:29,349 [INFO] ThirdParty:1030 - CMSIS Pack Vendor :STMicroelectronics X-CUBE-EEPRMA1 3.1.1
2023-04-12 15:52:29,349 [INFO] ThirdParty:1030 - CMSIS Pack Vendor :STMicroelectronics ThreadX 0.0.2
2023-04-12 15:52:29,349 [INFO] ThirdParty:1030 - CMSIS Pack Vendor :WES I-CUBE-Cesium 1.3.0
2023-04-12 15:52:29,349 [INFO] ThirdParty:1030 - CMSIS Pack Vendor :STMicroelectronics lwIP 2.1.2
2023-04-12 15:52:29,349 [INFO] ThirdParty:1030 - CMSIS Pack Vendor :STMicroelectronics X-CUBE-SFXS2LP1 4.0.0
2023-04-12 15:52:29,349 [INFO] ThirdParty:1030 - CMSIS Pack Vendor :STMicroelectronics X-CUBE-BLE2 3.3.0
2023-04-12 15:52:29,349 [INFO] ThirdParty:1030 - CMSIS Pack Vendor :STMicroelectronics X-CUBE-DISPLAY 2.2.0
2023-04-12 15:52:29,349 [INFO] ThirdParty:1030 - CMSIS Pack Vendor :STMicroelectronics X-CUBE-TOF1 3.2.0
2023-04-12 15:52:29,349 [INFO] ThirdParty:1030 - CMSIS Pack Vendor :STMicroelectronics PDM2PCM 3.2.0
2023-04-12 15:52:29,349 [INFO] ThirdParty:1030 - CMSIS Pack Vendor :STMicroelectronics X-CUBE-AZRTOS-H7 3.0.0
2023-04-12 15:52:29,349 [INFO] ThirdParty:1030 - CMSIS Pack Vendor :STMicroelectronics X-CUBE-ISPU 1.0.0
2023-04-12 15:52:29,349 [INFO] ThirdParty:841 - exiting critical section [change project]
2023-04-12 15:52:29,530 [INFO] PinOutPanel:1499 - setPackage(No Configuration,No Configuration)
2023-04-12 15:52:29,531 [INFO] PinOutPanel:1499 - setPackage(STM32L452RETx,LQFP64)
2023-04-12 15:52:30,123 [INFO] UtilMem:75 - Before build in PCC Used Memory: 398951160 Bytes (530579456)
2023-04-12 15:52:30,703 [INFO] UtilMem:75 - After build in PCC Used Memory: 343564344 Bytes (530579456)
2023-04-12 15:52:30,724 [INFO] IPUIPlugin:80 - create IPUIPlugin
2023-04-12 15:52:30,724 [INFO] IPUIPlugin:80 - create IPUIPlugin
2023-04-12 15:52:30,724 [INFO] IPUIPlugin:80 - create IPUIPlugin
2023-04-12 15:52:30,724 [INFO] IPUIPlugin:80 - create IPUIPlugin
2023-04-12 15:52:30,724 [INFO] IPUIPlugin:80 - create IPUIPlugin
2023-04-12 15:52:30,724 [INFO] IPUIPlugin:80 - create IPUIPlugin
2023-04-12 15:52:30,724 [INFO] IPUIPlugin:80 - create IPUIPlugin
2023-04-12 15:52:30,724 [INFO] IPUIPlugin:80 - create IPUIPlugin
2023-04-12 15:52:30,725 [INFO] IPUIPlugin:80 - create IPUIPlugin
2023-04-12 15:52:30,725 [INFO] IPUIPlugin:80 - create IPUIPlugin
2023-04-12 15:52:30,725 [INFO] IPUIPlugin:80 - create IPUIPlugin
2023-04-12 15:52:30,725 [INFO] IPUIPlugin:80 - create IPUIPlugin
2023-04-12 15:52:30,725 [INFO] IPUIPlugin:80 - create IPUIPlugin
2023-04-12 15:52:30,725 [INFO] IPUIPlugin:80 - create IPUIPlugin
2023-04-12 15:52:30,725 [INFO] IPUIPlugin:80 - create IPUIPlugin
2023-04-12 15:52:30,725 [INFO] IPUIPlugin:80 - create IPUIPlugin
2023-04-12 15:52:30,725 [INFO] IPUIPlugin:80 - create IPUIPlugin
2023-04-12 15:52:30,726 [INFO] IPUIPlugin:80 - create IPUIPlugin
2023-04-12 15:52:30,726 [INFO] IPUIPlugin:80 - create IPUIPlugin
2023-04-12 15:52:30,726 [INFO] IPUIPlugin:80 - create IPUIPlugin
2023-04-12 15:52:30,726 [INFO] IPUIPlugin:80 - create IPUIPlugin
2023-04-12 15:52:30,726 [INFO] IPUIPlugin:80 - create IPUIPlugin
2023-04-12 15:52:30,726 [INFO] IPUIPlugin:80 - create IPUIPlugin
2023-04-12 15:52:30,726 [INFO] IPUIPlugin:80 - create IPUIPlugin
2023-04-12 15:52:30,727 [INFO] IPUIPlugin:80 - create IPUIPlugin
2023-04-12 15:52:30,727 [INFO] IPUIPlugin:80 - create IPUIPlugin
2023-04-12 15:52:30,727 [INFO] IPUIPlugin:80 - create IPUIPlugin
2023-04-12 15:52:30,727 [INFO] IPUIPlugin:80 - create IPUIPlugin
2023-04-12 15:52:30,727 [INFO] IPUIPlugin:80 - create IPUIPlugin
2023-04-12 15:52:30,727 [INFO] IPUIPlugin:80 - create IPUIPlugin
2023-04-12 15:52:30,727 [INFO] IPUIPlugin:80 - create IPUIPlugin
2023-04-12 15:52:30,728 [INFO] IPUIPlugin:80 - create IPUIPlugin
2023-04-12 15:52:30,728 [INFO] IPUIPlugin:80 - create IPUIPlugin
2023-04-12 15:52:30,728 [INFO] IPUIPlugin:80 - create IPUIPlugin
2023-04-12 15:52:30,728 [INFO] IPUIPlugin:80 - create IPUIPlugin
2023-04-12 15:52:30,728 [INFO] IPUIPlugin:80 - create IPUIPlugin
2023-04-12 15:52:30,728 [INFO] IPUIPlugin:80 - create IPUIPlugin
2023-04-12 15:52:30,729 [INFO] IPUIPlugin:80 - create IPUIPlugin
2023-04-12 15:52:30,729 [INFO] IPUIPlugin:80 - create IPUIPlugin
2023-04-12 15:52:30,729 [INFO] IPUIPlugin:80 - create IPUIPlugin
2023-04-12 15:52:30,729 [INFO] IPUIPlugin:80 - create IPUIPlugin
2023-04-12 15:52:30,729 [INFO] IPUIPlugin:80 - create IPUIPlugin
2023-04-12 15:52:30,729 [INFO] IPUIPlugin:80 - create IPUIPlugin
2023-04-12 15:52:30,730 [INFO] IPUIPlugin:80 - create IPUIPlugin
2023-04-12 15:52:30,730 [INFO] IPUIPlugin:80 - create IPUIPlugin
2023-04-12 15:52:30,730 [INFO] IPUIPlugin:80 - create IPUIPlugin
2023-04-12 15:52:30,730 [INFO] IPUIPlugin:80 - create IPUIPlugin
2023-04-12 15:52:30,731 [INFO] IPUIPlugin:80 - create IPUIPlugin
2023-04-12 15:52:30,889 [INFO] CADModel:165 - CPN selected for project levelSTM32L452RET3
2023-04-12 15:52:30,890 [INFO] CADModel:114 - Register for checkConnection events
2023-04-12 15:52:30,891 [INFO] RtosManager:697 - Active RTOS found at IOC load: STMicroelectronics.X-CUBE-AZRTOS-L4.1.0.0 [Cortex-M4NS]
2023-04-12 15:52:30,952 [INFO] OpenFileManager:328 - Restore cursor
2023-04-12 15:52:31,102 [WARN] IP:2113 - TX_NO_TIMER not found: check if there is a RefParameter without a condition.
2023-04-12 15:52:31,102 [WARN] IP:2113 - ALIGN_TYPE_VAL not found: check if there is a RefParameter without a condition.
